C:\Program Files (x86)\MSBuild\Microsoft.Cpp\v4.0\V140\Microsoft.CppBuild.targets(368,5): warning MSB8004: Output Directory does not end with a trailing slash.  This build instance will add the slash as it is required to allow proper evaluation of the Output Directory.
  IsotopomerDynamics.cpp
IsotopomerDynamics.cpp(12): warning C4305: 'initializing': truncation from 'double' to 'float'
IsotopomerDynamics.cpp(24): warning C4244: '=': conversion from 'double' to 'float', possible loss of data
IsotopomerDynamics.cpp(26): warning C4244: '=': conversion from 'double' to 'float', possible loss of data
IsotopomerDynamics.cpp(28): warning C4244: '=': conversion from 'double' to 'float', possible loss of data
IsotopomerDynamics.cpp(30): warning C4244: '=': conversion from 'double' to 'float', possible loss of data
IsotopomerDynamics.cpp(32): warning C4244: '=': conversion from 'double' to 'float', possible loss of data
IsotopomerDynamics.cpp(34): warning C4244: '=': conversion from 'double' to 'float', possible loss of data
IsotopomerDynamics.cpp(39): warning C4244: '=': conversion from 'double' to 'float', possible loss of data
IsotopomerDynamics.cpp(41): warning C4244: '=': conversion from 'double' to 'float', possible loss of data
IsotopomerDynamics.cpp(43): warning C4244: '=': conversion from 'double' to 'float', possible loss of data
IsotopomerDynamics.cpp(45): warning C4244: '=': conversion from 'double' to 'float', possible loss of data
IsotopomerDynamics.cpp(47): warning C4244: '=': conversion from 'double' to 'float', possible loss of data
IsotopomerDynamics.cpp(49): warning C4244: '=': conversion from 'double' to 'float', possible loss of data
IsotopomerDynamics.cpp(53): warning C4244: '=': conversion from 'double' to 'float', possible loss of data
IsotopomerDynamics.cpp(65): warning C4244: '=': conversion from 'double' to 'float', possible loss of data
IsotopomerDynamics.cpp(69): warning C4244: '=': conversion from 'double' to 'float', possible loss of data
IsotopomerDynamics.cpp(77): warning C4244: 'argument': conversion from 'double' to 'float', possible loss of data
IsotopomerDynamics.cpp(90): warning C4244: 'argument': conversion from 'int' to 'float', possible loss of data
IsotopomerDynamics.cpp(92): warning C4244: 'argument': conversion from 'int' to 'float', possible loss of data
IsotopomerDynamics.cpp(92): warning C4244: '=': conversion from 'double' to 'float', possible loss of data
IsotopomerDynamics.cpp(96): warning C4244: 'argument': conversion from 'double' to 'float', possible loss of data
IsotopomerDynamics.cpp(98): warning C4244: '=': conversion from 'double' to 'float', possible loss of data
IsotopomerDynamics.cpp(115): warning C4244: 'argument': conversion from 'double' to 'float', possible loss of data
IsotopomerDynamics.cpp(115): warning C4244: '=': conversion from 'double' to 'float', possible loss of data
IsotopomerDynamics.cpp(119): warning C4244: 'argument': conversion from 'double' to 'float', possible loss of data
IsotopomerDynamics.cpp(119): warning C4244: '=': conversion from 'double' to 'float', possible loss of data
IsotopomerDynamics.cpp(121): warning C4244: 'argument': conversion from 'int' to 'float', possible loss of data
IsotopomerDynamics.cpp(125): warning C4244: 'argument': conversion from 'double' to 'float', possible loss of data
IsotopomerDynamics.cpp(127): warning C4244: '=': conversion from 'double' to 'float', possible loss of data
IsotopomerDynamics.cpp(142): warning C4244: 'argument': conversion from 'double' to 'float', possible loss of data
IsotopomerDynamics.cpp(144): warning C4244: '=': conversion from 'double' to 'float', possible loss of data
IsotopomerDynamics.cpp(146): warning C4244: 'argument': conversion from 'int' to 'float', possible loss of data
IsotopomerDynamics.cpp(150): warning C4244: '=': conversion from 'double' to 'float', possible loss of data
IsotopomerDynamics.cpp(163): warning C4244: 'argument': conversion from 'double' to 'float', possible loss of data
IsotopomerDynamics.cpp(164): warning C4244: 'argument': conversion from 'double' to 'float', possible loss of data
IsotopomerDynamics.cpp(165): warning C4244: 'argument': conversion from 'double' to 'float', possible loss of data
IsotopomerDynamics.cpp(165): warning C4244: '=': conversion from 'double' to 'float', possible loss of data
IsotopomerDynamics.cpp(167): warning C4244: 'argument': conversion from 'int' to 'float', possible loss of data
IsotopomerDynamics.cpp(167): warning C4244: 'argument': conversion from 'double' to 'float', possible loss of data
IsotopomerDynamics.cpp(177): warning C4244: '=': conversion from 'double' to 'float', possible loss of data
IsotopomerDynamics.cpp(226): warning C4244: 'argument': conversion from 'double' to 'float', possible loss of data
IsotopomerDynamics.cpp(228): warning C4244: '=': conversion from 'double' to 'float', possible loss of data
IsotopomerDynamics.cpp(236): warning C4244: '=': conversion from 'double' to 'float', possible loss of data
IsotopomerDynamics.cpp(238): warning C4244: '=': conversion from 'double' to 'float', possible loss of data
IsotopomerDynamics.cpp(240): warning C4244: '=': conversion from 'double' to 'float', possible loss of data
IsotopomerDynamics.cpp(244): warning C4244: '=': conversion from 'double' to 'float', possible loss of data
IsotopomerDynamics.cpp(246): warning C4244: '=': conversion from 'double' to 'float', possible loss of data
IsotopomerDynamics.cpp(255): warning C4244: '=': conversion from 'double' to 'float', possible loss of data
IsotopomerDynamics.cpp(269): warning C4244: '=': conversion from 'double' to 'float', possible loss of data
IsotopomerDynamics.cpp(271): warning C4244: '=': conversion from 'double' to 'float', possible loss of data
IsotopomerDynamics.cpp(273): warning C4244: '=': conversion from 'double' to 'float', possible loss of data
IsotopomerDynamics.cpp(275): warning C4244: 'argument': conversion from 'double' to 'float', possible loss of data
IsotopomerDynamics.cpp(277): warning C4244: 'argument': conversion from 'double' to 'float', possible loss of data
IsotopomerDynamics.cpp(279): warning C4244: '=': conversion from 'double' to 'float', possible loss of data
IsotopomerDynamics.cpp(281): warning C4244: '=': conversion from 'double' to 'float', possible loss of data
IsotopomerDynamics.cpp(285): warning C4244: '=': conversion from 'double' to 'float', possible loss of data
IsotopomerDynamics.cpp(293): warning C4244: '=': conversion from 'double' to 'float', possible loss of data
IsotopomerDynamics.cpp(216): warning C4101: 'fRatio2': unreferenced local variable
IsotopomerDynamics.cpp(212): warning C4101: 'fAPE3': unreferenced local variable
IsotopomerDynamics.cpp(216): warning C4101: 'fRatio1': unreferenced local variable
IsotopomerDynamics.cpp(322): warning C4244: '=': conversion from 'double' to 'float', possible loss of data
IsotopomerDynamics.cpp(324): warning C4244: '=': conversion from 'double' to 'float', possible loss of data
IsotopomerDynamics.cpp(328): warning C4244: '=': conversion from 'double' to 'float', possible loss of data
IsotopomerDynamics.cpp(330): warning C4244: '=': conversion from 'double' to 'float', possible loss of data
IsotopomerDynamics.cpp(332): warning C4244: '=': conversion from 'double' to 'float', possible loss of data
IsotopomerDynamics.cpp(336): warning C4244: '=': conversion from 'double' to 'float', possible loss of data
IsotopomerDynamics.cpp(340): warning C4244: '=': conversion from 'double' to 'float', possible loss of data
IsotopomerDynamics.cpp(342): warning C4244: '=': conversion from 'double' to 'float', possible loss of data
IsotopomerDynamics.cpp(344): warning C4244: '=': conversion from 'double' to 'float', possible loss of data
IsotopomerDynamics.cpp(346): warning C4244: '=': conversion from 'double' to 'float', possible loss of data
IsotopomerDynamics.cpp(350): warning C4244: '=': conversion from 'double' to 'float', possible loss of data
IsotopomerDynamics.cpp(354): warning C4244: '=': conversion from 'double' to 'float', possible loss of data
IsotopomerDynamics.cpp(358): warning C4244: '=': conversion from 'double' to 'float', possible loss of data
IsotopomerDynamics.cpp(363): warning C4244: '=': conversion from 'double' to 'float', possible loss of data
IsotopomerDynamics.cpp(365): warning C4244: '=': conversion from 'double' to 'float', possible loss of data
IsotopomerDynamics.cpp(367): warning C4244: '=': conversion from 'double' to 'float', possible loss of data
IsotopomerDynamics.cpp(369): warning C4244: '=': conversion from 'double' to 'float', possible loss of data
IsotopomerDynamics.cpp(371): warning C4244: '=': conversion from 'double' to 'float', possible loss of data
IsotopomerDynamics.cpp(373): warning C4244: '=': conversion from 'double' to 'float', possible loss of data
IsotopomerDynamics.cpp(377): warning C4244: '=': conversion from 'double' to 'float', possible loss of data
IsotopomerDynamics.cpp(318): warning C4101: 'd4': unreferenced local variable
IsotopomerDynamics.cpp(316): warning C4101: 'fSpectShift': unreferenced local variable
  IsotopomerDynamics.vcxproj -> A:\current\IsotopomerDynamics.dll
  IsotopomerDynamics.vcxproj -> A:\current\IsotopomerDynamics.pdb (Full PDB)
